
> irke-town@0.1.0 dev
> next dev -p 3000

  ▲ Next.js 14.2.30
  - Local:        http://localhost:3000

 ✓ Starting...
 ✓ Ready in 1859ms
 ○ Compiling / ...
 ✓ Compiled / in 5.4s (703 modules)
 HEAD / 200 in 5625ms
 ✓ Compiled in 223ms (256 modules)
 ○ Compiling /town/[id] ...
 ✓ Compiled /town/[id] in 1784ms (1548 modules)
 GET /town/123 200 in 2175ms
 ✓ Compiled in 471ms (1557 modules)
 ✓ Compiled in 293ms (1557 modules)
 ✓ Compiled in 269ms (1557 modules)
 ✓ Compiled /_not-found in 447ms (1546 modules)
 GET /.well-known/appspecific/com.chrome.devtools.json 404 in 549ms
 ✓ Compiled in 469ms (1543 modules)
 ✓ Compiled in 217ms (1543 modules)
 ✓ Compiled in 286ms (1557 modules)
 GET /town/123 200 in 95ms
 ✓ Compiled /_not-found in 199ms (1546 modules)
 GET /.well-known/appspecific/com.chrome.devtools.json 404 in 264ms
 ✓ Compiled in 203ms (1546 modules)
 ✓ Compiled in 203ms (1546 modules)
 ✓ Compiled in 170ms (1546 modules)
 ✓ Compiled in 240ms (1543 modules)
 GET /town/123 200 in 75ms
 ✓ Compiled /_not-found in 210ms (1546 modules)
 GET /.well-known/appspecific/com.chrome.devtools.json 404 in 246ms
 ✓ Compiled in 191ms (1546 modules)
 ⨯ ./src/stores/buildingStore.ts
Error: 
  [31mx[0m Expression expected
     ,-[[36;1;4m/home/irke/irke-town/src/stores/buildingStore.ts[0m:169:1]
 [2m169[0m |                 }))
 [2m170[0m |               }
 [2m171[0m |             }
 [2m172[0m |           })
     : [31;1m           ^[0m
 [2m173[0m |         }
 [2m174[0m |       },
 [2m175[0m |       
     `----

Caused by:
    Syntax Error

Import trace for requested module:
./src/stores/buildingStore.ts
./src/components/canvas/CanvasContainer.tsx
 ✓ Compiled in 561ms (1543 modules)
 ✓ Compiled in 215ms (1543 modules)
 GET /town/123 200 in 85ms
 ✓ Compiled /_not-found in 225ms (1546 modules)
 GET /.well-known/appspecific/com.chrome.devtools.json 404 in 276ms
 ✓ Compiled in 428ms (1543 modules)
 GET /town/123 200 in 252ms
 ✓ Compiled /_not-found in 212ms (1546 modules)
 GET /.well-known/appspecific/com.chrome.devtools.json 404 in 291ms
 ✓ Compiled in 684ms (1557 modules)
 ✓ Compiled in 191ms (1543 modules)
 ✓ Compiled in 263ms (1557 modules)
 ✓ Compiled in 335ms (1557 modules)
 ✓ Compiled in 775ms (1537 modules)
 ✓ Compiled in 222ms (1551 modules)
 ✓ Compiled in 364ms (1537 modules)
 ✓ Compiled in 193ms (1537 modules)
 ✓ Compiled in 230ms (1537 modules)
 ✓ Compiled in 222ms (1537 modules)
 ✓ Compiled in 385ms (1551 modules)
 ✓ Compiled in 252ms (1551 modules)
 ✓ Compiled in 392ms (1551 modules)
 ✓ Compiled in 219ms (1537 modules)
 ✓ Compiled in 310ms (1551 modules)
 ✓ Compiled in 283ms (1551 modules)
 ✓ Compiled in 294ms (1551 modules)
 GET /town/123 200 in 108ms
 ✓ Compiled in 458ms (1551 modules)
 ✓ Compiled in 683ms (1551 modules)
 GET /town/123 200 in 89ms
 ✓ Compiled in 574ms (1551 modules)
 ✓ Compiled in 173ms (688 modules)
 ✓ Compiled in 411ms (1551 modules)
 ✓ Compiled in 272ms (1551 modules)
 ✓ Compiled in 234ms (1551 modules)
 ⨯ ./src/components/canvas/layers/EditBuildingLayer.tsx
Error: 
  [31mx[0m Expected ',', got '{'
     ,-[[36;1;4m/home/irke/irke-town/src/components/canvas/layers/EditBuildingLayer.tsx[0m:296:1]
 [2m296[0m |         )
 [2m297[0m |       })}
 [2m298[0m |     </Container>
 [2m299[0m |     {contextMenu && typeof document !== 'undefined' && createPortal(
     : [31;1m    ^[0m
 [2m300[0m |       <ContextMenu
 [2m301[0m |         position={contextMenu.position}
 [2m302[0m |         buildingId={contextMenu.buildingId}
     `----

Caused by:
    Syntax Error

Import trace for requested module:
./src/components/canvas/layers/EditBuildingLayer.tsx
./src/components/canvas/TownCanvas.tsx
./src/lib/dynamic.ts
./src/components/canvas/CanvasContainer.tsx
 ✓ Compiled in 281ms (1553 modules)
 ⚠ Fast Refresh had to perform a full reload due to a runtime error.
 ✓ Compiled in 470ms (1553 modules)
 GET /town/123 200 in 299ms
 ✓ Compiled in 228ms (1553 modules)
 GET /town/123 200 in 101ms
 ⚠ Fast Refresh had to perform a full reload due to a runtime error.
 ✓ Compiled in 570ms (1553 modules)
 GET /town/123 200 in 326ms
 ✓ Compiled in 277ms (1553 modules)
 ✓ Compiled in 424ms (1553 modules)
 ✓ Compiled in 360ms (1551 modules)
 ✓ Compiled in 417ms (1551 modules)
 ✓ Compiled in 246ms (1551 modules)
 ⨯ ./src/components/canvas/layers/EditBuildingLayer.tsx
Error: 
  [31mx[0m Expected ',', got '{'
     ,-[[36;1;4m/home/irke/irke-town/src/components/canvas/layers/EditBuildingLayer.tsx[0m:295:1]
 [2m295[0m |         )
 [2m296[0m |       })}
 [2m297[0m |     </Container>
 [2m298[0m |     {contextMenu && typeof document !== 'undefined' && createPortal(
     : [31;1m    ^[0m
 [2m299[0m |       <ContextMenu
 [2m300[0m |         position={contextMenu.position}
 [2m301[0m |         buildingId={contextMenu.buildingId}
     `----

Caused by:
    Syntax Error

Import trace for requested module:
./src/components/canvas/layers/EditBuildingLayer.tsx
./src/components/canvas/TownCanvas.tsx
./src/lib/dynamic.ts
./src/components/canvas/CanvasContainer.tsx
 ✓ Compiled in 291ms (1551 modules)
 ✓ Compiled in 473ms (1551 modules)
 GET /town/123 200 in 105ms
 ✓ Compiled in 389ms (1551 modules)
 ✓ Compiled in 369ms (1537 modules)
 ✓ Compiled in 167ms (1537 modules)
 ✓ Compiled in 312ms (1551 modules)
 ✓ Compiled in 334ms (1551 modules)
 ✓ Compiled in 337ms (1553 modules)
 ✓ Compiled in 266ms (1553 modules)
 GET /town/123 200 in 113ms
 ✓ Compiled in 537ms (1553 modules)
 ✓ Compiled in 251ms (1553 modules)
 ✓ Compiled in 333ms (1553 modules)
 GET /town/123 200 in 99ms
 ✓ Compiled /_not-found in 387ms (1542 modules)
 GET /.well-known/appspecific/com.chrome.devtools.json 404 in 457ms
 ✓ Compiled in 269ms (1556 modules)
 ✓ Compiled in 266ms (1556 modules)
 GET /town/123 200 in 75ms
 GET /.well-known/appspecific/com.chrome.devtools.json 404 in 27ms
 ✓ Compiled in 427ms (1556 modules)
 ✓ Compiled in 269ms (1556 modules)
 ✓ Compiled in 527ms (1556 modules)
 GET /town/123 200 in 94ms
 GET /.well-known/appspecific/com.chrome.devtools.json 404 in 33ms
 ✓ Compiled in 312ms (1556 modules)
 ✓ Compiled in 512ms (1556 modules)
 ✓ Compiled in 317ms (1554 modules)
 ✓ Compiled in 291ms (1556 modules)
 GET /town/123 200 in 83ms
 GET /.well-known/appspecific/com.chrome.devtools.json 404 in 28ms
 ✓ Compiled in 417ms (1556 modules)
 ✓ Compiled in 289ms (1553 modules)
 ✓ Compiled in 279ms (1553 modules)
 ✓ Compiled in 305ms (1553 modules)
 ✓ Compiled in 289ms (1553 modules)
 ✓ Compiled in 304ms (1553 modules)
 ✓ Compiled in 322ms (1553 modules)
 ✓ Compiled in 444ms (1553 modules)
 ✓ Compiled in 300ms (1553 modules)
 GET /town/123 200 in 121ms
 ✓ Compiled /_not-found in 320ms (1542 modules)
 GET /.well-known/appspecific/com.chrome.devtools.json 404 in 389ms
 ✓ Compiled in 503ms (1553 modules)
 ✓ Compiled in 289ms (1553 modules)
 GET /town/123 200 in 113ms
 ✓ Compiled /_not-found in 252ms (1542 modules)
 GET /.well-known/appspecific/com.chrome.devtools.json 404 in 308ms
 ✓ Compiled in 338ms (1556 modules)
 ✓ Compiled in 575ms (1556 modules)
 ✓ Compiled in 380ms (1553 modules)
 ✓ Compiled in 265ms (1553 modules)
 ✓ Compiled in 316ms (1553 modules)
 GET /town/123 200 in 115ms
 ✓ Compiled /_not-found in 262ms (1542 modules)
 GET /.well-known/appspecific/com.chrome.devtools.json 404 in 330ms
 ✓ Compiled in 318ms (1556 modules)
 ✓ Compiled in 299ms (1553 modules)
 ✓ Compiled in 291ms (1553 modules)
 ✓ Compiled in 251ms (1553 modules)
 ✓ Compiled in 230ms (1553 modules)
 ✓ Compiled in 298ms (1553 modules)
 ✓ Compiled in 463ms (1553 modules)
 ✓ Compiled in 563ms (1553 modules)
 ✓ Compiled in 515ms (1539 modules)
 ✓ Compiled in 188ms (1539 modules)
 ✓ Compiled in 176ms (1539 modules)
 ✓ Compiled in 225ms (1539 modules)
 ✓ Compiled in 625ms (1553 modules)
 ✓ Compiled in 522ms (1553 modules)
 ✓ Compiled in 299ms (1553 modules)
 ✓ Compiled in 328ms (1553 modules)
 ✓ Compiled in 366ms (1553 modules)
 ✓ Compiled in 374ms (1553 modules)
 ✓ Compiled in 239ms (1539 modules)
 ✓ Compiled in 447ms (1553 modules)
 ✓ Compiled in 344ms (1553 modules)
 ✓ Compiled in 248ms (1553 modules)
 ✓ Compiled in 2.7s (1553 modules)
 ✓ Compiled in 441ms (1553 modules)
 ✓ Compiled in 296ms (1553 modules)
 GET /town/123 200 in 122ms
 ✓ Compiled /_not-found in 320ms (1542 modules)
 GET /.well-known/appspecific/com.chrome.devtools.json 404 in 391ms
 ✓ Compiled in 575ms (1553 modules)
 ✓ Compiled in 377ms (1553 modules)
 ✓ Compiled in 501ms (1553 modules)
 ✓ Compiled in 319ms (1553 modules)
 ✓ Compiled in 308ms (1553 modules)
 ✓ Compiled in 353ms (1539 modules)
 ✓ Compiled in 209ms (1539 modules)
 ✓ Compiled in 183ms (1539 modules)
 ✓ Compiled in 419ms (1539 modules)
 ✓ Compiled in 208ms (1539 modules)
 ✓ Compiled in 203ms (1539 modules)
 ✓ Compiled in 347ms (1553 modules)
 ✓ Compiled in 335ms (1553 modules)
 ✓ Compiled in 378ms (1553 modules)
 ✓ Compiled in 438ms (1553 modules)
 ✓ Compiled in 395ms (1553 modules)
 ✓ Compiled in 351ms (1553 modules)
 ✓ Compiled in 281ms (1553 modules)
 GET /town/123 200 in 143ms
 ✓ Compiled /_not-found in 488ms (1542 modules)
 GET /.well-known/appspecific/com.chrome.devtools.json 404 in 582ms
 ✓ Compiled in 591ms (1553 modules)
 ✓ Compiled in 356ms (1539 modules)
 ✓ Compiled in 214ms (1539 modules)
 ✓ Compiled in 261ms (1539 modules)
 GET /town/123 200 in 140ms
